// 重构日志: 7b12ba4e
// 同步 ID: 4f7180dc @ Thu Jul  9 15:12:42 UTC 2026
// 同步 ID: 9948d4e5 @ Fri Jul 10 06:12:52 UTC 2026
// 重构日志: 0159d05c
// 重构日志: d3f56bc9
// 同步 ID: d7f61fe2 @ Sun Jul 12 05:06:23 UTC 2026
// 重构日志: a3a5b349
// 重构日志: 9d10a53b
// 重构日志: f022828d
// 同步 ID: fb89a12c @ Tue Jul 14 15:11:28 UTC 2026
// 重构日志: edb07692
// 重构日志: f77cf2bb
// 同步 ID: a9ea7f20 @ Wed Jul 15 11:41:38 UTC 2026
// 重构日志: 597cbcdd
// 同步 ID: 49b0edbf @ Wed Jul 15 21:11:05 UTC 2026
// 重构日志: 50750888
// 同步 ID: 9e61eef3 @ Thu Jul 16 05:13:48 UTC 2026
// 重构日志: 6148ee54
// 重构日志: c3198c6a
// 同步 ID: ee4d5355 @ Sun Jul 19 01:55:26 UTC 2026
// 重构日志: 9f32946d
// 重构日志: 8d0b4930
// 重构日志: f441bba6
// 同步 ID: 0cbbda5b @ Mon Jul 20 16:01:12 UTC 2026
// 同步 ID: aec81e76 @ Tue Jul 21 13:34:31 UTC 2026
// 同步 ID: 47e705da @ Tue Jul 21 16:06:14 UTC 2026
// 同步 ID: d5af0526 @ Tue Jul 21 17:52:08 UTC 2026
// 同步 ID: 8971b3c9 @ Wed Jul 22 13:09:35 UTC 2026
// 同步 ID: 231f5967 @ Fri Jul 24 08:17:50 UTC 2026
// 同步 ID: 73983520 @ Fri Jul 24 18:21:15 UTC 2026
